<?xml version="1.0" encoding="UTF-8"?>
<testsuite xmlns:xsi="http://www.w3.org/2001/XMLSchema-instance" xsi:noNamespaceSchemaLocation="https://maven.apache.org/surefire/maven-surefire-plugin/xsd/surefire-test-report.xsd" name="com.example.AppTest" time="0.091" tests="1" errors="0" skipped="0" failures="0">
  <properties>
    <property name="java.specification.version" value="23"/>
    <property name="sun.jnu.encoding" value="UTF-8"/>
    <property name="java.class.path" value="/home/colby/brownbag/brownbag-repo/brownbag/demo/target/test-classes:/home/colby/brownbag/brownbag-repo/brownbag/demo/target/classes:/home/colby/.m2/repository/junit/junit/4.13.2/junit-4.13.2.jar:/home/colby/.m2/repository/org/hamcrest/hamcrest-core/1.3/hamcrest-core-1.3.jar:/home/colby/.m2/repository/org/sonarsource/scanner/maven/sonar-maven-plugin/5.0.0.4389/sonar-maven-plugin-5.0.0.4389.jar:/home/colby/.m2/repository/org/sonatype/plexus/plexus-sec-dispatcher/1.4/plexus-sec-dispatcher-1.4.jar:/home/colby/.m2/repository/org/codehaus/plexus/plexus-utils/1.5.5/plexus-utils-1.5.5.jar:/home/colby/.m2/repository/org/sonatype/plexus/plexus-cipher/1.4/plexus-cipher-1.4.jar:/home/colby/.m2/repository/org/sonarsource/scanner/lib/sonar-scanner-java-library/3.1.1.261/sonar-scanner-java-library-3.1.1.261.jar:/home/colby/.m2/repository/com/squareup/okhttp3/okhttp/4.12.0/okhttp-4.12.0.jar:/home/colby/.m2/repository/com/squareup/okio/okio/3.6.0/okio-3.6.0.jar:/home/colby/.m2/repository/com/squareup/okio/okio-jvm/3.6.0/okio-jvm-3.6.0.jar:/home/colby/.m2/repository/org/jetbrains/kotlin/kotlin-stdlib-common/1.9.10/kotlin-stdlib-common-1.9.10.jar:/home/colby/.m2/repository/org/jetbrains/kotlin/kotlin-stdlib-jdk8/1.8.21/kotlin-stdlib-jdk8-1.8.21.jar:/home/colby/.m2/repository/org/jetbrains/kotlin/kotlin-stdlib/1.8.21/kotlin-stdlib-1.8.21.jar:/home/colby/.m2/repository/org/jetbrains/annotations/13.0/annotations-13.0.jar:/home/colby/.m2/repository/org/jetbrains/kotlin/kotlin-stdlib-jdk7/1.8.21/kotlin-stdlib-jdk7-1.8.21.jar:/home/colby/.m2/repository/com/squareup/okhttp3/okhttp-urlconnection/4.12.0/okhttp-urlconnection-4.12.0.jar:/home/colby/.m2/repository/com/squareup/okhttp3/logging-interceptor/4.12.0/logging-interceptor-4.12.0.jar:/home/colby/.m2/repository/com/google/code/gson/gson/2.11.0/gson-2.11.0.jar:/home/colby/.m2/repository/com/google/errorprone/error_prone_annotations/2.27.0/error_prone_annotations-2.27.0.jar:/home/colby/.m2/repository/org/apache/commons/commons-compress/1.27.1/commons-compress-1.27.1.jar:/home/colby/.m2/repository/commons-codec/commons-codec/1.17.1/commons-codec-1.17.1.jar:/home/colby/.m2/repository/commons-io/commons-io/2.16.1/commons-io-2.16.1.jar:/home/colby/.m2/repository/org/sonarsource/scanner/lib/sonar-scanner-java-library-batch-interface/3.1.1.261/sonar-scanner-java-library-batch-interface-3.1.1.261.jar:/home/colby/.m2/repository/io/github/hakky54/sslcontext-kickstart/8.3.6/sslcontext-kickstart-8.3.6.jar:/home/colby/.m2/repository/org/slf4j/slf4j-api/2.0.13/slf4j-api-2.0.13.jar:/home/colby/.m2/repository/org/bouncycastle/bcprov-jdk18on/1.78.1/bcprov-jdk18on-1.78.1.jar:/home/colby/.m2/repository/org/apache/commons/commons-lang3/3.14.0/commons-lang3-3.14.0.jar:"/>
    <property name="java.vm.vendor" value="Homebrew"/>
    <property name="sun.arch.data.model" value="64"/>
    <property name="java.vendor.url" value="https://github.com/Homebrew/homebrew-core/issues"/>
    <property name="os.name" value="Linux"/>
    <property name="java.vm.specification.version" value="23"/>
    <property name="sun.java.launcher" value="SUN_STANDARD"/>
    <property name="sun.boot.library.path" value="/home/linuxbrew/.linuxbrew/Cellar/openjdk/23.0.1/libexec/lib"/>
    <property name="sun.java.command" value="/home/colby/brownbag/brownbag-repo/brownbag/demo/target/surefire/surefirebooter5882206766148506998.jar /home/colby/brownbag/brownbag-repo/brownbag/demo/target/surefire 2025-01-07T13-50-37_272-jvmRun1 surefire9994054065971013243tmp surefire_04513234778903219005tmp"/>
    <property name="jdk.debug" value="release"/>
    <property name="surefire.test.class.path" value="/home/colby/brownbag/brownbag-repo/brownbag/demo/target/test-classes:/home/colby/brownbag/brownbag-repo/brownbag/demo/target/classes:/home/colby/.m2/repository/junit/junit/4.13.2/junit-4.13.2.jar:/home/colby/.m2/repository/org/hamcrest/hamcrest-core/1.3/hamcrest-core-1.3.jar:/home/colby/.m2/repository/org/sonarsource/scanner/maven/sonar-maven-plugin/5.0.0.4389/sonar-maven-plugin-5.0.0.4389.jar:/home/colby/.m2/repository/org/sonatype/plexus/plexus-sec-dispatcher/1.4/plexus-sec-dispatcher-1.4.jar:/home/colby/.m2/repository/org/codehaus/plexus/plexus-utils/1.5.5/plexus-utils-1.5.5.jar:/home/colby/.m2/repository/org/sonatype/plexus/plexus-cipher/1.4/plexus-cipher-1.4.jar:/home/colby/.m2/repository/org/sonarsource/scanner/lib/sonar-scanner-java-library/3.1.1.261/sonar-scanner-java-library-3.1.1.261.jar:/home/colby/.m2/repository/com/squareup/okhttp3/okhttp/4.12.0/okhttp-4.12.0.jar:/home/colby/.m2/repository/com/squareup/okio/okio/3.6.0/okio-3.6.0.jar:/home/colby/.m2/repository/com/squareup/okio/okio-jvm/3.6.0/okio-jvm-3.6.0.jar:/home/colby/.m2/repository/org/jetbrains/kotlin/kotlin-stdlib-common/1.9.10/kotlin-stdlib-common-1.9.10.jar:/home/colby/.m2/repository/org/jetbrains/kotlin/kotlin-stdlib-jdk8/1.8.21/kotlin-stdlib-jdk8-1.8.21.jar:/home/colby/.m2/repository/org/jetbrains/kotlin/kotlin-stdlib/1.8.21/kotlin-stdlib-1.8.21.jar:/home/colby/.m2/repository/org/jetbrains/annotations/13.0/annotations-13.0.jar:/home/colby/.m2/repository/org/jetbrains/kotlin/kotlin-stdlib-jdk7/1.8.21/kotlin-stdlib-jdk7-1.8.21.jar:/home/colby/.m2/repository/com/squareup/okhttp3/okhttp-urlconnection/4.12.0/okhttp-urlconnection-4.12.0.jar:/home/colby/.m2/repository/com/squareup/okhttp3/logging-interceptor/4.12.0/logging-interceptor-4.12.0.jar:/home/colby/.m2/repository/com/google/code/gson/gson/2.11.0/gson-2.11.0.jar:/home/colby/.m2/repository/com/google/errorprone/error_prone_annotations/2.27.0/error_prone_annotations-2.27.0.jar:/home/colby/.m2/repository/org/apache/commons/commons-compress/1.27.1/commons-compress-1.27.1.jar:/home/colby/.m2/repository/commons-codec/commons-codec/1.17.1/commons-codec-1.17.1.jar:/home/colby/.m2/repository/commons-io/commons-io/2.16.1/commons-io-2.16.1.jar:/home/colby/.m2/repository/org/sonarsource/scanner/lib/sonar-scanner-java-library-batch-interface/3.1.1.261/sonar-scanner-java-library-batch-interface-3.1.1.261.jar:/home/colby/.m2/repository/io/github/hakky54/sslcontext-kickstart/8.3.6/sslcontext-kickstart-8.3.6.jar:/home/colby/.m2/repository/org/slf4j/slf4j-api/2.0.13/slf4j-api-2.0.13.jar:/home/colby/.m2/repository/org/bouncycastle/bcprov-jdk18on/1.78.1/bcprov-jdk18on-1.78.1.jar:/home/colby/.m2/repository/org/apache/commons/commons-lang3/3.14.0/commons-lang3-3.14.0.jar:"/>
    <property name="sun.cpu.endian" value="little"/>
    <property name="user.home" value="/home/colby"/>
    <property name="user.language" value="en"/>
    <property name="java.specification.vendor" value="Oracle Corporation"/>
    <property name="java.version.date" value="2024-10-15"/>
    <property name="java.home" value="/home/linuxbrew/.linuxbrew/Cellar/openjdk/23.0.1/libexec"/>
    <property name="file.separator" value="/"/>
    <property name="basedir" value="/home/colby/brownbag/brownbag-repo/brownbag/demo"/>
    <property name="java.vm.compressedOopsMode" value="32-bit"/>
    <property name="line.separator" value="&#10;"/>
    <property name="java.specification.name" value="Java Platform API Specification"/>
    <property name="java.vm.specification.vendor" value="Oracle Corporation"/>
    <property name="surefire.real.class.path" value="/home/colby/brownbag/brownbag-repo/brownbag/demo/target/surefire/surefirebooter5882206766148506998.jar"/>
    <property name="sun.management.compiler" value="HotSpot 64-Bit Tiered Compilers"/>
    <property name="java.runtime.version" value="23.0.1"/>
    <property name="user.name" value="colby"/>
    <property name="stdout.encoding" value="UTF-8"/>
    <property name="path.separator" value=":"/>
    <property name="os.version" value="5.15.167.4-microsoft-standard-WSL2"/>
    <property name="java.runtime.name" value="OpenJDK Runtime Environment"/>
    <property name="file.encoding" value="UTF-8"/>
    <property name="java.vm.name" value="OpenJDK 64-Bit Server VM"/>
    <property name="java.vendor.version" value="Homebrew"/>
    <property name="localRepository" value="/home/colby/.m2/repository"/>
    <property name="java.vendor.url.bug" value="https://github.com/Homebrew/homebrew-core/issues"/>
    <property name="java.io.tmpdir" value="/tmp"/>
    <property name="sonar.token" value=""/>
    <property name="java.version" value="23.0.1"/>
    <property name="user.dir" value="/home/colby/brownbag/brownbag-repo/brownbag/demo"/>
    <property name="os.arch" value="amd64"/>
    <property name="java.vm.specification.name" value="Java Virtual Machine Specification"/>
    <property name="native.encoding" value="UTF-8"/>
    <property name="java.library.path" value="/usr/java/packages/lib:/usr/lib64:/lib64:/lib:/usr/lib"/>
    <property name="java.vm.info" value="mixed mode, sharing"/>
    <property name="stderr.encoding" value="UTF-8"/>
    <property name="java.vendor" value="Homebrew"/>
    <property name="java.vm.version" value="23.0.1"/>
    <property name="sun.io.unicode.encoding" value="UnicodeLittle"/>
    <property name="java.class.version" value="67.0"/>
  </properties>
  <testcase name="testRun" classname="com.example.AppTest" time="0.008"/>
</testsuite>